[14:12:28 +00:-1] [Thread 815146018] SpyGlass: Name: Rory Flannigan || UID: 76561198057298594 || Unknown Addon Patch: A3_Data_F_Exp_B
[14:12:32 +00:-1] [Thread 815146018] SpyGlass: Name: Rory Flannigan || UID: 76561198057298594 || Unknown Addon Patch: A3_Data_F_Exp_A
[19:10:36 +00:-1] [Thread 4101202407] SpyGlass: Name: Rory Flannigan || UID: 76561198057298594 || Unknown Addon Patch: A3_Data_F_Exp_B
[19:11:02 +00:-1] [Thread 4101202407] SpyGlass: Name: Aaron Strife || UID: 76561198134286847 || Unknown Addon Patch: A3_Data_F_Exp_B
[19:11:26 +00:-1] [Thread 4101202407] SpyGlass: Name: D Chief. Tom Perez || UID: 76561198187969689 || Unknown Addon Patch: A3_Data_F_Exp_B
[19:11:35 +00:-1] [Thread 4101202407] SpyGlass: Name: D Chief. Tom Perez || UID: 76561198187969689 || Unknown Addon Patch: BaBe_core
[19:11:35 +00:-1] [Thread 4101202407] SpyGlass: Name: Aaron Strife || UID: 76561198134286847 || Unknown Addon Patch: BaBe_core
[19:11:35 +00:-1] [Thread 4101202407] SpyGlass: Name: Rory Flannigan || UID: 76561198057298594 || Unknown Addon Patch: BaBe_core
[19:11:54 +00:-1] [Thread 4101202407] SpyGlass: Name: Aaron Strife || UID: 76561198134286847 || Unknown Addon Patch: A3_Data_F_Exp_B
[19:11:55 +00:-1] [Thread 4101202407] SpyGlass: Name: Aaron Strife || UID: 76561198134286847 || Unknown Addon Patch: BaBe_core
[19:12:00 +00:-1] [Thread 4101202407] SpyGlass: Name: D Chief. Tom Perez || UID: 76561198187969689 || Unknown Addon Patch: A3_Data_F_Exp_B
[19:12:00 +00:-1] [Thread 4101202407] SpyGlass: Name: D Chief. Tom Perez || UID: 76561198187969689 || Unknown Addon Patch: BaBe_core
[19:12:06 +00:-1] [Thread 4101202407] SpyGlass: Name: Aaron Strife || UID: 76561198134286847 || Unknown Addon Patch: A3_Data_F_Exp_B
[19:12:06 +00:-1] [Thread 4101202407] SpyGlass: Name: Aaron Strife || UID: 76561198134286847 || Unknown Addon Patch: BaBe_core
[19:12:39 +00:-1] [Thread 4101202407] SpyGlass: Name: D Chief. Tom Perez || UID: 76561198187969689 || Unknown Addon Patch: A3_Data_F_Exp_B
[19:12:40 +00:-1] [Thread 4101202407] SpyGlass: Name: D Chief. Tom Perez || UID: 76561198187969689 || Unknown Addon Patch: BaBe_core
[19:12:40 +00:-1] [Thread 4101202407] SpyGlass: Name: D Chief. Tom Perez || UID: 76561198187969689 || Unknown Addon Patch: BABE_CORE_FNC
[19:12:41 +00:-1] [Thread 4101202407] SpyGlass: Name: D Chief. Tom Perez || UID: 76561198187969689 || Unknown Addon Patch: BaBe_EM
[19:12:41 +00:-1] [Thread 4101202407] SpyGlass: Name: D Chief. Tom Perez || UID: 76561198187969689 || Unknown Addon Patch: babe_EM_UI
[19:12:42 +00:-1] [Thread 4101202407] SpyGlass: Name: D Chief. Tom Perez || UID: 76561198187969689 || Unknown Addon Patch: BABE_EM_FNC
[19:12:42 +00:-1] [Thread 4101202407] SpyGlass: Name: D Chief. Tom Perez || UID: 76561198187969689 || Unknown Addon Patch: BABE_INT_FNC
[19:12:43 +00:-1] [Thread 4101202407] SpyGlass: Name: D Chief. Tom Perez || UID: 76561198187969689 || Unknown Addon Patch: BABE_LASER_FNC
[19:12:43 +00:-1] [Thread 4101202407] SpyGlass: Name: D Chief. Tom Perez || UID: 76561198187969689 || Unknown Addon Patch: BABE_NVG_FNC
[19:12:44 +00:-1] [Thread 4101202407] SpyGlass: Name: D Chief. Tom Perez || UID: 76561198187969689 || Unknown Addon Patch: CUP_TrackedVehicles_Sounds
[19:12:44 +00:-1] [Thread 4101202407] SpyGlass: Name: D Chief. Tom Perez || UID: 76561198187969689 || Unknown Addon Patch: CUP_Weapons_WeaponsData
[19:12:45 +00:-1] [Thread 4101202407] SpyGlass: Name: D Chief. Tom Perez || UID: 76561198187969689 || Unknown Addon Patch: US_ESS_Glasses_tryk
[19:12:45 +00:-1] [Thread 4101202407] SpyGlass: Name: D Chief. Tom Perez || UID: 76561198187969689 || Unknown Addon Patch: cba_EE
[19:13:28 +00:-1] [Thread 4101202407] SpyGlass: Name: D Chief. Tom Perez || UID: 76561198187969689 || Unknown Addon Patch: A3_Data_F_Exp_B
[19:13:28 +00:-1] [Thread 4101202407] SpyGlass: Name: D Chief. Tom Perez || UID: 76561198187969689 || Unknown Addon Patch: BaBe_core
[19:17:55 +00:-1] [Thread 4101202407] SpyGlass: Name: Rory Flannigan || UID: 76561198057298594 || Unknown Addon Patch: A3_Data_F_Exp_B
[19:17:56 +00:-1] [Thread 4101202407] SpyGlass: Name: Rory Flannigan || UID: 76561198057298594 || Unknown Addon Patch: BaBe_core
[19:19:07 +00:-1] [Thread 4101202407] SpyGlass: Name: Aaron Strife || UID: 76561198134286847 || Unknown Addon Patch: A3_Data_F_Exp_B
[19:19:07 +00:-1] [Thread 4101202407] SpyGlass: Name: Aaron Strife || UID: 76561198134286847 || Unknown Addon Patch: BaBe_core
[19:24:32 +00:-1] [Thread 4101202407] SpyGlass: Name: Aaron Strife || UID: 76561198134286847 || Unknown Addon Patch: A3_Data_F_Exp_B
[19:24:32 +00:-1] [Thread 4101202407] SpyGlass: Name: Aaron Strife || UID: 76561198134286847 || Unknown Addon Patch: BaBe_core
[19:24:34 +00:-1] [Thread 4101202407] SpyGlass: Name: Kiika Butts || UID: 76561198065423384 || Unknown Addon Patch: A3_Data_F_Exp_B
[19:24:35 +00:-1] [Thread 4101202407] SpyGlass: Name: Kiika Butts || UID: 76561198065423384 || Unknown Addon Patch: BaBe_core
[19:24:46 +00:-1] [Thread 4101202407] SpyGlass: Name: James Strife || UID: 76561198164324267 || Unknown Addon Patch: A3_Data_F_Exp_B
[19:24:46 +00:-1] [Thread 4101202407] SpyGlass: Name: James Strife || UID: 76561198164324267 || Unknown Addon Patch: BaBe_core
[19:25:58 +00:-1] [Thread 4101202407] SpyGlass: Name: Kiika Butts || UID: 76561198065423384 || Unknown Addon Patch: A3_Data_F_Exp_B
[19:25:58 +00:-1] [Thread 4101202407] SpyGlass: Name: Kiika Butts || UID: 76561198065423384 || Unknown Addon Patch: BaBe_core
